<?xml version="1.0" encoding="UTF-8"?>
<!-- Generated by org.testng.reporters.JUnitReportReporter -->
<testsuite hostname="ICPL13837.local" failures="0" tests="1" name="grid_docker.grid_docker.ChromeTest1" time="2.104" errors="0" timestamp="12 Feb 2020 07:29:37 GMT">
  <testcase classname="grid_docker.grid_docker.ChromeTest1" name="test" time="2.104"/>
</testsuite> <!-- grid_docker.grid_docker.ChromeTest1 -->
